<html>
<body>
<pre>
<h1>µVision Build Log</h1>
<h2>Tool Versions:</h2>
IDE-Version: ¦ÌVision V5.36.0.0
Copyright (C) 2021 ARM Ltd and ARM Germany GmbH. All rights reserved.
License Information: AOSHEN sa12761564831@outlook.com, UESTC, LIC=ZB4EI-TB36I-RALDM-XPG75-QC6LZ-TPJWE
 
Tool Versions:
Toolchain:       MDK-ARM Plus  Version: 5.36.0.0
Toolchain Path:  D:\Program Files\KEIL\ARM\ARMCC\Bin
C Compiler:      Armcc.exe V5.06 update 7 (build 960)
Assembler:       Armasm.exe V5.06 update 7 (build 960)
Linker/Locator:  ArmLink.exe V5.06 update 7 (build 960)
Library Manager: ArmAr.exe V5.06 update 7 (build 960)
Hex Converter:   FromElf.exe V5.06 update 7 (build 960)
CPU DLL:         SARMCM3.DLL V5.36.0.0
Dialog DLL:      DCM.DLL V1.17.3.0
Target DLL:      STLink\ST-LINKIII-KEIL_SWO.dll V3.0.9.0
Dialog DLL:      TCM.DLL V1.53.0.0
 
<h2>Project:</h2>
F:\work\MOTOR_Control\SENSORLESS\Keil\MDK-ARM\FOC.uvprojx
Project File Date:  03/22/2025

<h2>Output:</h2>
*** Using Compiler 'V5.06 update 7 (build 960)', folder: 'D:\Program Files\KEIL\ARM\ARMCC\Bin'
Build target 'FOC'
compiling arm_atan2_f32.c...
..\DSP\fast_math_functions.h(71): error:  #20: identifier "arm_status" is undefined
    arm_status arm_atan2_f32(float32_t y,float32_t x,float32_t *result);
..\DSP\fast_math_functions.h(71): error:  #20: identifier "float32_t" is undefined
    arm_status arm_atan2_f32(float32_t y,float32_t x,float32_t *result);
..\DSP\fast_math_functions.h(71): error:  #20: identifier "float32_t" is undefined
    arm_status arm_atan2_f32(float32_t y,float32_t x,float32_t *result);
..\DSP\fast_math_functions.h(71): error:  #20: identifier "float32_t" is undefined
    arm_status arm_atan2_f32(float32_t y,float32_t x,float32_t *result);
..\DSP\arm_atan2_f32.c(44): error:  #20: identifier "float32_t" is undefined
  static const float32_t atan2_coefs_f32[ATAN2_NB_COEFS_F32]={0.0f
..\DSP\arm_atan2_f32.c(56): error:  #20: identifier "__STATIC_FORCEINLINE" is undefined
  __STATIC_FORCEINLINE float32_t arm_atan_limited_f32(float32_t x)
..\DSP\arm_atan2_f32.c(56): error:  #65: expected a ";"
  __STATIC_FORCEINLINE float32_t arm_atan_limited_f32(float32_t x)
..\DSP\arm_atan2_f32.c(96): warning:  #12-D: parsing restarts here after previous syntax error
     return(res);
..\DSP\arm_atan2_f32.c(97): error:  #169: expected a declaration
  }
..\DSP\arm_atan2_f32.c(161): warning:  #12-D: parsing restarts here after previous syntax error
          return(ARM_MATH_SUCCESS);
..\DSP\arm_atan2_f32.c(162): error:  #169: expected a declaration
      }
..\DSP\arm_atan2_f32.c(178): warning:  #12-D: parsing restarts here after previous syntax error
      return(ARM_MATH_NANINF);
..\DSP\arm_atan2_f32.c(180): error:  #169: expected a declaration
  }
..\DSP\arm_atan2_f32.c(184): warning: At end of source:  #12-D: parsing restarts here after previous syntax error
..\DSP\arm_atan2_f32.c(44): warning:  #177-D: variable "atan2_coefs_f32"  was declared but never referenced
  static const float32_t atan2_coefs_f32[ATAN2_NB_COEFS_F32]={0.0f
..\DSP\arm_atan2_f32.c: 5 warnings, 10 errors
"FOC\FOC.axf" - 10 Error(s), 5 Warning(s).

<h2>Software Packages used:</h2>

Package Vendor: ARM
                http://www.keil.com/pack/ARM.CMSIS.5.8.0.pack
                ARM.CMSIS.5.8.0
                CMSIS (Common Microcontroller Software Interface Standard)
   * Component: CORE Version: 5.5.0

Package Vendor: Keil
                https://www.keil.com/pack/Keil.STM32G4xx_DFP.1.6.0.pack
                Keil.STM32G4xx_DFP.1.6.0
                STMicroelectronics STM32G4 Series Device Support, Drivers and Examples

<h2>Collection of Component include folders:</h2>
  .\RTE\_FOC
  D:\Program Files\KEIL\ARM\CMSIS\5.8.0\CMSIS\Core\Include
  D:\Program Files\KEIL\Keil\STM32G4xx_DFP\1.6.0\Drivers\CMSIS\Device\ST\STM32G4xx\Include

<h2>Collection of Component Files used:</h2>

   * Component: ARM::CMSIS:CORE:5.5.0
Target not created.
Build Time Elapsed:  00:00:00
</pre>
</body>
</html>
